<?xml version="1.0" encoding="UTF-8"?>
<!-- Generated by org.testng.reporters.JUnitReportReporter -->
<testsuite hostname="LAPTOP-1R1244U0" failures="0" tests="1" name="be.abd.helbdemo.Controller.EquipeControllerIntegrationTest" time="0.008" errors="0" timestamp="2023-01-07T18:06:21 CET" skipped="0">
  <testcase classname="be.abd.helbdemo.Controller.EquipeControllerIntegrationTest" name="whenRequestGet_ThenOK" time="0.008"/>
  <system-out/>
</testsuite> <!-- be.abd.helbdemo.Controller.EquipeControllerIntegrationTest -->
